Arguments: 
  C:\Program Files\nodejs\node.exe C:\Program Files (x86)\Yarn\bin\yarn.js add axios

PATH: 
  C:\Program Files (x86)\NVIDIA Corporation\PhysX\Common;C:\Program Files (x86)\Common Files\Intel\Shared Libraries\redist\intel64\compiler;C:\Program Files (x86)\Common Files\Intel\Shared Files\cpp\bin\Intel64;C:\Program Files (x86)\Common Files\Oracle\Java\javapath;C:\ProgramData\Oracle\Java\javapath;C:\Program Files (x86)\Intel\iCLS Client\;C:\Program Files\Intel\iCLS Client\;C:\WINDOWS\system32;C:\WINDOWS;C:\WINDOWS\System32\Wbem;C:\WINDOWS\System32\WindowsPowerShell\v1.0\;C:\Program Files (x86)\Intel\Intel(R) Management Engine Components\DAL;C:\Program Files\Intel\Intel(R) Management Engine Components\DAL;C:\Program Files (x86)\Intel\Intel(R) Management Engine Components\IPT;C:\Program Files\Intel\Intel(R) Management Engine Components\IPT;C:\Users\adlen\AppData\Roaming\nvm;C:\Program Files\nodejs;C:\ProgramData\chocolatey\bin;C:\Program Files (x86)\QuickTime\QTSystem\;C:\WINDOWS\System32\OpenSSH\;C:\Program Files\UniConvertor-2.0rc4\;C:\xampp\php;C:\composer;C:\Program Files\PuTTY\;C:\Program Files (x86)\Yarn\bin\;C:\Program Files\Docker\Docker\resources\bin;C:\ProgramData\DockerDesktop\version-bin;C:\Program Files\Git\cmd;C:\Users\adlen\.cargo\bin;C:\Ruby27-x64\bin;C:\Users\adlen\AppData\Local\Microsoft\WindowsApps;C:\Users\adlen\Documents\android\tools_r25.2.3-windows\platform-tools;C:\Users\adlen\Documents\android\tools_r25.2.3-windows\tools;C:\Gradle\gradle-4.0.1\bin;C:\Program Files\Java\jdk1.8.0_131\bin;C:\Users\adlen\AppData\Local\.meteor\;C:\Users\adlen\.windows-build-tools\python27;C:\Users\adlen\AppData\Roaming\npm;C:\Program Files\Microsoft VS Code\bin;C:\xampp\php\php.exe;C:\Program Files (x86)\Odoo 13.0\python;C:\python27;C:\python27\Scripts;C:\Users\adlen\AppData\Local\Microsoft\WindowsApps;C:\Program Files\MongoDB\Server\3.4\bin;C:\Users\adlen\AppData\Local\Programs\Microsoft VS Code\bin;C:\Users\adlen\AppData\Roaming\Composer\vendor\bin;C:\Users\adlen\AppData\Local\Yarn\bin;C:\curl-7.76.1-win64-mingw\bin;C:\Program Files\Git\usr\bin;C:\Program Files\Genymobile\Genymotion\tools;C:\Program Files\heroku\bin

Yarn version: 
  1.22.4

Node version: 
  18.17.0

Platform: 
  win32 x64

Trace: 
  Error: EPERM: operation not permitted, unlink 'C:\Work\GH-SOFT\Développement\scaffolds\node_modules\@next\swc-win32-x64-msvc\next-swc.win32-x64-msvc.node'

npm manifest: 
  {
    "name": "calculator",
    "version": "1.0.0",
    "license": "MIT",
    "scripts": {
      "dev": "next dev",
      "build": "next build",
      "start": "next start",
      "lint": "next lint"
    },
    "dependencies": {
      "@radix-ui/react-collapsible": "^1.1.1",
      "@radix-ui/react-dialog": "^1.1.2",
      "@radix-ui/react-dropdown-menu": "^2.1.2",
      "@radix-ui/react-icons": "^1.3.0",
      "@radix-ui/react-separator": "^1.1.0",
      "@radix-ui/react-slot": "^1.1.0",
      "@radix-ui/react-tooltip": "^1.1.3",
      "class-variance-authority": "^0.7.0",
      "clsx": "^2.1.1",
      "lucide-react": "^0.453.0",
      "next": "^13.4.19",
      "react": "^18.2.0",
      "react-dom": "^18.2.0",
      "tailwind-merge": "^2.5.4",
      "tailwindcss-animate": "^1.0.7"
    },
    "devDependencies": {
      "autoprefixer": "^10.4.15",
      "postcss": "^8.4.29",
      "tailwindcss": "^3.3.3"
    }
  }

yarn manifest: 
  No manifest

Lockfile: 
  No lockfile
